<?xml version="1.0" encoding="UTF-8"?>
<testsuite name="com.haneul.book.springboot.web.domain.posts.PostsRepositoryTest" tests="1" skipped="0" failures="0" errors="0" timestamp="2022-05-23T05:47:32" hostname="Haneului-MacBookAir.local" time="0.208">
  <properties/>
  <testcase name="BaseTimeEntity_등록()" classname="com.haneul.book.springboot.web.domain.posts.PostsRepositoryTest" time="0.208"/>
  <system-out><![CDATA[14:47:29.890 [Test worker] DEBUG org.springframework.test.context.BootstrapUtils - Instantiating CacheAwareContextLoaderDelegate from class [org.springframework.test.context.cache.DefaultCacheAwareContextLoaderDelegate]
14:47:29.894 [Test worker] DEBUG org.springframework.test.context.BootstrapUtils - Instantiating BootstrapContext using constructor [public org.springframework.test.context.support.DefaultBootstrapContext(java.lang.Class,org.springframework.test.context.CacheAwareContextLoaderDelegate)]
14:47:29.910 [Test worker] DEBUG org.springframework.test.context.BootstrapUtils - Instantiating TestContextBootstrapper for test class [com.haneul.book.springboot.web.domain.posts.PostsRepositoryTest] from class [org.springframework.boot.test.context.SpringBootTestContextBootstrapper]
14:47:29.916 [Test worker] INFO org.springframework.boot.test.context.SpringBootTestContextBootstrapper - Neither @ContextConfiguration nor @ContextHierarchy found for test class [com.haneul.book.springboot.web.domain.posts.PostsRepositoryTest], using SpringBootContextLoader
14:47:29.917 [Test worker] DEBUG org.springframework.test.context.support.AbstractContextLoader - Did not detect default resource location for test class [com.haneul.book.springboot.web.domain.posts.PostsRepositoryTest]: class path resource [com/haneul/book/springboot/web/domain/posts/PostsRepositoryTest-context.xml] does not exist
14:47:29.918 [Test worker] DEBUG org.springframework.test.context.support.AbstractContextLoader - Did not detect default resource location for test class [com.haneul.book.springboot.web.domain.posts.PostsRepositoryTest]: class path resource [com/haneul/book/springboot/web/domain/posts/PostsRepositoryTestContext.groovy] does not exist
14:47:29.918 [Test worker] INFO org.springframework.test.context.support.AbstractContextLoader - Could not detect default resource locations for test class [com.haneul.book.springboot.web.domain.posts.PostsRepositoryTest]: no resource found for suffixes {-context.xml, Context.groovy}.
14:47:29.918 [Test worker] INFO org.springframework.test.context.support.AnnotationConfigContextLoaderUtils - Could not detect default configuration classes for test class [com.haneul.book.springboot.web.domain.posts.PostsRepositoryTest]: PostsRepositoryTest does not declare any static, non-private, non-final, nested classes annotated with @Configuration.
14:47:29.937 [Test worker] DEBUG org.springframework.test.context.support.ActiveProfilesUtils - Could not find an 'annotation declaring class' for annotation type [org.springframework.test.context.ActiveProfiles] and class [com.haneul.book.springboot.web.domain.posts.PostsRepositoryTest]
14:47:29.967 [Test worker] DEBUG org.springframework.context.annotation.ClassPathScanningCandidateComponentProvider - Identified candidate component class: file [/Users/haneulkim/Downloads/freelect-springboot2-webservice/build/classes/java/main/com/haneul/book/springboot/Application.class]
14:47:29.967 [Test worker] INFO org.springframework.boot.test.context.SpringBootTestContextBootstrapper - Found @SpringBootConfiguration com.haneul.book.springboot.Application for test class com.haneul.book.springboot.web.domain.posts.PostsRepositoryTest
14:47:30.007 [Test worker] DEBUG org.springframework.boot.test.context.SpringBootTestContextBootstrapper - @TestExecutionListeners is not present for class [com.haneul.book.springboot.web.domain.posts.PostsRepositoryTest]: using defaults.
14:47:30.007 [Test worker] INFO org.springframework.boot.test.context.SpringBootTestContextBootstrapper - Loaded default TestExecutionListener class names from location [META-INF/spring.factories]: [org.springframework.boot.test.autoconfigure.restdocs.RestDocsTestExecutionListener, org.springframework.boot.test.autoconfigure.web.client.MockRestServiceServerResetTestExecutionListener, org.springframework.boot.test.autoconfigure.web.servlet.MockMvcPrintOnlyOnFailureTestExecutionListener, org.springframework.boot.test.autoconfigure.web.servlet.WebDriverTestExecutionListener, org.springframework.boot.test.autoconfigure.webservices.client.MockWebServiceServerTestExecutionListener, org.springframework.boot.test.mock.mockito.MockitoTestExecutionListener, org.springframework.boot.test.mock.mockito.ResetMocksTestExecutionListener, org.springframework.test.context.web.ServletTestExecutionListener, org.springframework.test.context.support.DirtiesContextBeforeModesTestExecutionListener, org.springframework.test.context.event.ApplicationEventsTestExecutionListener, org.springframework.test.context.support.DependencyInjectionTestExecutionListener, org.springframework.test.context.support.DirtiesContextTestExecutionListener, org.springframework.test.context.transaction.TransactionalTestExecutionListener, org.springframework.test.context.jdbc.SqlScriptsTestExecutionListener, org.springframework.test.context.event.EventPublishingTestExecutionListener]
14:47:30.015 [Test worker] INFO org.springframework.boot.test.context.SpringBootTestContextBootstrapper - Using TestExecutionListeners: [org.springframework.test.context.web.ServletTestExecutionListener@31dfb709, org.springframework.test.context.support.DirtiesContextBeforeModesTestExecutionListener@27b94716, org.springframework.test.context.event.ApplicationEventsTestExecutionListener@7e787891, org.springframework.boot.test.mock.mockito.MockitoTestExecutionListener@55be5697, org.springframework.boot.test.autoconfigure.SpringBootDependencyInjectionTestExecutionListener@1995c4d6, org.springframework.test.context.support.DirtiesContextTestExecutionListener@7479b105, org.springframework.test.context.transaction.TransactionalTestExecutionListener@4978f3eb, org.springframework.test.context.jdbc.SqlScriptsTestExecutionListener@6ed50ebd, org.springframework.test.context.event.EventPublishingTestExecutionListener@59d1c4c5, org.springframework.boot.test.autoconfigure.restdocs.RestDocsTestExecutionListener@6099b763, org.springframework.boot.test.autoconfigure.web.client.MockRestServiceServerResetTestExecutionListener@6e70f730, org.springframework.boot.test.autoconfigure.web.servlet.MockMvcPrintOnlyOnFailureTestExecutionListener@2816bca5, org.springframework.boot.test.autoconfigure.web.servlet.WebDriverTestExecutionListener@7fb6b28e, org.springframework.boot.test.autoconfigure.webservices.client.MockWebServiceServerTestExecutionListener@523920b4, org.springframework.boot.test.mock.mockito.ResetMocksTestExecutionListener@3b1994b4]
14:47:30.017 [Test worker] DEBUG org.springframework.test.context.support.AbstractDirtiesContextTestExecutionListener - Before test class: context [DefaultTestContext@727d19d8 testClass = PostsRepositoryTest, testInstance = [null], testMethod = [null], testException = [null], mergedContextConfiguration = [WebMergedContextConfiguration@71710d31 testClass = PostsRepositoryTest, locations = '{}', classes = '{class com.haneul.book.springboot.Application}', contextInitializerClasses = '[]', activeProfiles = '{}', propertySourceLocations = '{}', propertySourceProperties = '{org.springframework.boot.test.context.SpringBootTestContextBootstrapper=true}', contextCustomizers = set[org.springframework.boot.test.autoconfigure.actuate.metrics.MetricsExportContextCustomizerFactory$DisableMetricExportContextCustomizer@724ecb68, org.springframework.boot.test.autoconfigure.properties.PropertyMappingContextCustomizer@0, org.springframework.boot.test.autoconfigure.web.servlet.WebDriverContextCustomizerFactory$Customizer@22ee2761, org.springframework.boot.test.context.filter.ExcludeFilterContextCustomizer@2c9b6da5, org.springframework.boot.test.json.DuplicateJsonObjectContextCustomizerFactory$DuplicateJsonObjectContextCustomizer@6e32bf3f, org.springframework.boot.test.mock.mockito.MockitoContextCustomizer@0, org.springframework.boot.test.web.client.TestRestTemplateContextCustomizer@38e33a8, org.springframework.boot.test.context.SpringBootTestArgs@1, org.springframework.boot.test.context.SpringBootTestWebEnvironment@6edd4dcc], resourceBasePath = 'src/main/webapp', contextLoader = 'org.springframework.boot.test.context.SpringBootContextLoader', parent = [null]], attributes = map['org.springframework.test.context.web.ServletTestExecutionListener.activateListener' -> true]], class annotated with @DirtiesContext [false] with mode [null].

  .   ____          _            __ _ _
 /\\ / ___'_ __ _ _(_)_ __  __ _ \ \ \ \
( ( )\___ | '_ | '_| | '_ \/ _` | \ \ \ \
 \\/  ___)| |_)| | | | | || (_| |  ) ) ) )
  '  |____| .__|_| |_|_| |_\__, | / / / /
 =========|_|==============|___/=/_/_/_/
 :: Spring Boot ::                (v2.6.7)

2022-05-23 14:47:30.344  INFO 73265 --- [    Test worker] c.h.b.s.w.d.posts.PostsRepositoryTest    : Starting PostsRepositoryTest using Java 11.0.10 on Haneului-MacBookAir.local with PID 73265 (started by haneulkim in /Users/haneulkim/Downloads/freelect-springboot2-webservice)
2022-05-23 14:47:30.345  INFO 73265 --- [    Test worker] c.h.b.s.w.d.posts.PostsRepositoryTest    : No active profile set, falling back to 1 default profile: "default"
2022-05-23 14:47:30.652  INFO 73265 --- [    Test worker] .s.d.r.c.RepositoryConfigurationDelegate : Bootstrapping Spring Data JPA repositories in DEFAULT mode.
2022-05-23 14:47:30.674  INFO 73265 --- [    Test worker] .s.d.r.c.RepositoryConfigurationDelegate : Finished Spring Data repository scanning in 18 ms. Found 1 JPA repository interfaces.
2022-05-23 14:47:30.941  INFO 73265 --- [    Test worker] o.hibernate.jpa.internal.util.LogHelper  : HHH000204: Processing PersistenceUnitInfo [name: default]
2022-05-23 14:47:30.966  INFO 73265 --- [    Test worker] org.hibernate.Version                    : HHH000412: Hibernate ORM core version 5.6.8.Final
2022-05-23 14:47:31.065  INFO 73265 --- [    Test worker] o.hibernate.annotations.common.Version   : HCANN000001: Hibernate Commons Annotations {5.1.2.Final}
2022-05-23 14:47:31.115  INFO 73265 --- [    Test worker] com.zaxxer.hikari.HikariDataSource       : HikariPool-1 - Starting...
2022-05-23 14:47:31.222  INFO 73265 --- [    Test worker] com.zaxxer.hikari.HikariDataSource       : HikariPool-1 - Start completed.
2022-05-23 14:47:31.234  INFO 73265 --- [    Test worker] org.hibernate.dialect.Dialect            : HHH000400: Using dialect: org.hibernate.dialect.MySQL5InnoDBDialect
Hibernate: 
    
    drop table if exists posts
Hibernate: 
    
    create table posts (
       id bigint not null auto_increment,
        created_date datetime,
        modified_date datetime,
        author varchar(255),
        content TEXT not null,
        title varchar(500) not null,
        primary key (id)
    ) engine=InnoDB
2022-05-23 14:47:31.539  INFO 73265 --- [    Test worker] o.h.e.t.j.p.i.JtaPlatformInitiator       : HHH000490: Using JtaPlatform implementation: [org.hibernate.engine.transaction.jta.platform.internal.NoJtaPlatform]
2022-05-23 14:47:31.544  INFO 73265 --- [    Test worker] j.LocalContainerEntityManagerFactoryBean : Initialized JPA EntityManagerFactory for persistence unit 'default'
2022-05-23 14:47:31.794  WARN 73265 --- [    Test worker] JpaBaseConfiguration$JpaWebConfiguration : spring.jpa.open-in-view is enabled by default. Therefore, database queries may be performed during view rendering. Explicitly configure spring.jpa.open-in-view to disable this warning
2022-05-23 14:47:31.904  INFO 73265 --- [    Test worker] o.s.b.a.h2.H2ConsoleAutoConfiguration    : H2 console available at '/h2-console'. Database available at 'jdbc:h2:mem://localhost/~/testdb'
2022-05-23 14:47:32.044  INFO 73265 --- [    Test worker] c.h.b.s.w.d.posts.PostsRepositoryTest    : Started PostsRepositoryTest in 2.007 seconds (JVM running for 2.573)
Hibernate: 
    insert 
    into
        posts
        (created_date, modified_date, author, content, title) 
    values
        (?, ?, ?, ?, ?)
Hibernate: 
    select
        posts0_.id as id1_0_,
        posts0_.created_date as created_2_0_,
        posts0_.modified_date as modified3_0_,
        posts0_.author as author4_0_,
        posts0_.content as content5_0_,
        posts0_.title as title6_0_ 
    from
        posts posts0_
>>>>>>> createdDate=2022-05-23T14:47:32.112140, modifiedDate=2022-05-23T14:47:32.112140
Hibernate: 
    select
        posts0_.id as id1_0_,
        posts0_.created_date as created_2_0_,
        posts0_.modified_date as modified3_0_,
        posts0_.author as author4_0_,
        posts0_.content as content5_0_,
        posts0_.title as title6_0_ 
    from
        posts posts0_
Hibernate: 
    delete 
    from
        posts 
    where
        id=?
]]></system-out>
  <system-err><![CDATA[]]></system-err>
</testsuite>
