<?xml version="1.0" encoding="UTF-8"?>
<testsuite name="com.haneul.book.springboot.web.controller.IndexControllerTest" tests="1" skipped="0" failures="0" errors="0" timestamp="2022-05-27T17:57:49" hostname="Haneului-MacBookAir.local" time="0.096">
  <properties/>
  <testcase name="메인페이지_로딩()" classname="com.haneul.book.springboot.web.controller.IndexControllerTest" time="0.096"/>
  <system-out><![CDATA[2022-05-28 02:57:47.381  INFO 27218 --- [    Test worker] .b.t.c.SpringBootTestContextBootstrapper : Neither @ContextConfiguration nor @ContextHierarchy found for test class [com.haneul.book.springboot.web.controller.IndexControllerTest], using SpringBootContextLoader
2022-05-28 02:57:47.381  INFO 27218 --- [    Test worker] o.s.t.c.support.AbstractContextLoader    : Could not detect default resource locations for test class [com.haneul.book.springboot.web.controller.IndexControllerTest]: no resource found for suffixes {-context.xml, Context.groovy}.
2022-05-28 02:57:47.382  INFO 27218 --- [    Test worker] t.c.s.AnnotationConfigContextLoaderUtils : Could not detect default configuration classes for test class [com.haneul.book.springboot.web.controller.IndexControllerTest]: IndexControllerTest does not declare any static, non-private, non-final, nested classes annotated with @Configuration.
2022-05-28 02:57:47.382  INFO 27218 --- [    Test worker] .b.t.c.SpringBootTestContextBootstrapper : Found @SpringBootConfiguration com.haneul.book.springboot.Application for test class com.haneul.book.springboot.web.controller.IndexControllerTest
2022-05-28 02:57:47.384  INFO 27218 --- [    Test worker] .b.t.c.SpringBootTestContextBootstrapper : Loaded default TestExecutionListener class names from location [META-INF/spring.factories]: [org.springframework.security.test.context.support.WithSecurityContextTestExecutionListener, org.springframework.security.test.context.support.ReactorContextTestExecutionListener, org.springframework.boot.test.autoconfigure.restdocs.RestDocsTestExecutionListener, org.springframework.boot.test.autoconfigure.web.client.MockRestServiceServerResetTestExecutionListener, org.springframework.boot.test.autoconfigure.web.servlet.MockMvcPrintOnlyOnFailureTestExecutionListener, org.springframework.boot.test.autoconfigure.web.servlet.WebDriverTestExecutionListener, org.springframework.boot.test.autoconfigure.webservices.client.MockWebServiceServerTestExecutionListener, org.springframework.boot.test.mock.mockito.MockitoTestExecutionListener, org.springframework.boot.test.mock.mockito.ResetMocksTestExecutionListener, org.springframework.test.context.web.ServletTestExecutionListener, org.springframework.test.context.support.DirtiesContextBeforeModesTestExecutionListener, org.springframework.test.context.event.ApplicationEventsTestExecutionListener, org.springframework.test.context.support.DependencyInjectionTestExecutionListener, org.springframework.test.context.support.DirtiesContextTestExecutionListener, org.springframework.test.context.transaction.TransactionalTestExecutionListener, org.springframework.test.context.jdbc.SqlScriptsTestExecutionListener, org.springframework.test.context.event.EventPublishingTestExecutionListener]
2022-05-28 02:57:47.385  INFO 27218 --- [    Test worker] .b.t.c.SpringBootTestContextBootstrapper : Using TestExecutionListeners: [org.springframework.test.context.web.ServletTestExecutionListener@29a25785, org.springframework.test.context.support.DirtiesContextBeforeModesTestExecutionListener@216ab907, org.springframework.test.context.event.ApplicationEventsTestExecutionListener@20392b96, org.springframework.boot.test.mock.mockito.MockitoTestExecutionListener@2cb8fb33, org.springframework.boot.test.autoconfigure.SpringBootDependencyInjectionTestExecutionListener@179d8f5e, org.springframework.test.context.support.DirtiesContextTestExecutionListener@634bbe2b, org.springframework.test.context.transaction.TransactionalTestExecutionListener@ac75c4f, org.springframework.test.context.jdbc.SqlScriptsTestExecutionListener@61cd5f47, org.springframework.security.test.context.support.WithSecurityContextTestExecutionListener@1a51cb5f, org.springframework.test.context.event.EventPublishingTestExecutionListener@245594d8, org.springframework.security.test.context.support.ReactorContextTestExecutionListener@14408139, org.springframework.boot.test.autoconfigure.restdocs.RestDocsTestExecutionListener@1f7cc391, org.springframework.boot.test.autoconfigure.web.client.MockRestServiceServerResetTestExecutionListener@be3e812, org.springframework.boot.test.autoconfigure.web.servlet.MockMvcPrintOnlyOnFailureTestExecutionListener@3184ee2, org.springframework.boot.test.autoconfigure.web.servlet.WebDriverTestExecutionListener@13c14ef1, org.springframework.boot.test.autoconfigure.webservices.client.MockWebServiceServerTestExecutionListener@6ad87753, org.springframework.boot.test.mock.mockito.ResetMocksTestExecutionListener@7e6fb162]

  .   ____          _            __ _ _
 /\\ / ___'_ __ _ _(_)_ __  __ _ \ \ \ \
( ( )\___ | '_ | '_| | '_ \/ _` | \ \ \ \
 \\/  ___)| |_)| | | | | || (_| |  ) ) ) )
  '  |____| .__|_| |_|_| |_\__, | / / / /
 =========|_|==============|___/=/_/_/_/
 :: Spring Boot ::                (v2.6.7)

2022-05-28 02:57:47.403  INFO 27218 --- [    Test worker] c.h.b.s.w.c.IndexControllerTest          : Starting IndexControllerTest using Java 11.0.10 on Haneului-MacBookAir.local with PID 27218 (started by haneulkim in /Users/haneulkim/Downloads/freelect-springboot2-webservice)
2022-05-28 02:57:47.403  INFO 27218 --- [    Test worker] c.h.b.s.w.c.IndexControllerTest          : The following 1 profile is active: "oauth"
2022-05-28 02:57:47.570  INFO 27218 --- [    Test worker] .s.d.r.c.RepositoryConfigurationDelegate : Bootstrapping Spring Data JPA repositories in DEFAULT mode.
2022-05-28 02:57:47.597  INFO 27218 --- [    Test worker] .s.d.r.c.RepositoryConfigurationDelegate : Finished Spring Data repository scanning in 22 ms. Found 2 JPA repository interfaces.
2022-05-28 02:57:47.805  INFO 27218 --- [    Test worker] o.s.b.w.embedded.tomcat.TomcatWebServer  : Tomcat initialized with port(s): 0 (http)
2022-05-28 02:57:47.811  INFO 27218 --- [    Test worker] o.apache.catalina.core.StandardService   : Starting service [Tomcat]
2022-05-28 02:57:47.811  INFO 27218 --- [    Test worker] org.apache.catalina.core.StandardEngine  : Starting Servlet engine: [Apache Tomcat/9.0.62]
2022-05-28 02:57:47.882  INFO 27218 --- [    Test worker] o.a.c.c.C.[Tomcat].[localhost].[/]       : Initializing Spring embedded WebApplicationContext
2022-05-28 02:57:47.882  INFO 27218 --- [    Test worker] w.s.c.ServletWebServerApplicationContext : Root WebApplicationContext: initialization completed in 478 ms
2022-05-28 02:57:47.901  INFO 27218 --- [    Test worker] com.zaxxer.hikari.HikariDataSource       : HikariPool-1 - Starting...
2022-05-28 02:57:48.001  INFO 27218 --- [    Test worker] com.zaxxer.hikari.HikariDataSource       : HikariPool-1 - Start completed.
2022-05-28 02:57:48.010  INFO 27218 --- [    Test worker] o.s.b.a.h2.H2ConsoleAutoConfiguration    : H2 console available at '/h2-console'. Database available at 'jdbc:h2:mem://localhost/~/testdb'
2022-05-28 02:57:48.146  INFO 27218 --- [    Test worker] o.hibernate.jpa.internal.util.LogHelper  : HHH000204: Processing PersistenceUnitInfo [name: default]
2022-05-28 02:57:48.174  INFO 27218 --- [    Test worker] org.hibernate.Version                    : HHH000412: Hibernate ORM core version 5.6.8.Final
2022-05-28 02:57:48.197  INFO 27218 --- [    Test worker] o.hibernate.annotations.common.Version   : HCANN000001: Hibernate Commons Annotations {5.1.2.Final}
2022-05-28 02:57:48.251  INFO 27218 --- [    Test worker] org.hibernate.dialect.Dialect            : HHH000400: Using dialect: org.hibernate.dialect.MySQL5InnoDBDialect
Hibernate: 
    
    drop table if exists posts
Hibernate: 
    
    drop table if exists user
Hibernate: 
    
    create table posts (
       id bigint not null auto_increment,
        created_date datetime,
        modified_date datetime,
        author varchar(255),
        content TEXT not null,
        title varchar(500) not null,
        primary key (id)
    ) engine=InnoDB
Hibernate: 
    
    create table user (
       id bigint not null auto_increment,
        email varchar(255) not null,
        name varchar(255) not null,
        picture varchar(255),
        role varchar(255) not null,
        primary key (id)
    ) engine=InnoDB
2022-05-28 02:57:48.496  INFO 27218 --- [    Test worker] o.h.e.t.j.p.i.JtaPlatformInitiator       : HHH000490: Using JtaPlatform implementation: [org.hibernate.engine.transaction.jta.platform.internal.NoJtaPlatform]
2022-05-28 02:57:48.499  INFO 27218 --- [    Test worker] j.LocalContainerEntityManagerFactoryBean : Initialized JPA EntityManagerFactory for persistence unit 'default'
2022-05-28 02:57:48.745  WARN 27218 --- [    Test worker] JpaBaseConfiguration$JpaWebConfiguration : spring.jpa.open-in-view is enabled by default. Therefore, database queries may be performed during view rendering. Explicitly configure spring.jpa.open-in-view to disable this warning
2022-05-28 02:57:48.883  INFO 27218 --- [    Test worker] o.s.s.web.DefaultSecurityFilterChain     : Will secure any request with [org.springframework.security.web.context.request.async.WebAsyncManagerIntegrationFilter@6eefb56a, org.springframework.security.web.context.SecurityContextPersistenceFilter@7600ed8e, org.springframework.security.web.header.HeaderWriterFilter@6a7bd657, org.springframework.security.web.authentication.logout.LogoutFilter@fa98e68, org.springframework.security.oauth2.client.web.OAuth2AuthorizationRequestRedirectFilter@4f358e4d, org.springframework.security.oauth2.client.web.OAuth2LoginAuthenticationFilter@7d4c51f1, org.springframework.security.web.authentication.ui.DefaultLoginPageGeneratingFilter@3936aabc, org.springframework.security.web.authentication.ui.DefaultLogoutPageGeneratingFilter@192804f7, org.springframework.security.web.savedrequest.RequestCacheAwareFilter@2d3f6680, org.springframework.security.web.servletapi.SecurityContextHolderAwareRequestFilter@19c2d41e, org.springframework.security.web.authentication.AnonymousAuthenticationFilter@7a0cb679, org.springframework.security.web.session.SessionManagementFilter@4ddda123, org.springframework.security.web.access.ExceptionTranslationFilter@332d093f, org.springframework.security.web.access.intercept.FilterSecurityInterceptor@6052fc5c]
2022-05-28 02:57:48.938  INFO 27218 --- [    Test worker] o.s.b.a.w.s.WelcomePageHandlerMapping    : Adding welcome page template: index
2022-05-28 02:57:49.031  INFO 27218 --- [    Test worker] o.s.b.w.embedded.tomcat.TomcatWebServer  : Tomcat started on port(s): 62882 (http) with context path ''
2022-05-28 02:57:49.039  INFO 27218 --- [    Test worker] s.a.ScheduledAnnotationBeanPostProcessor : No TaskScheduler/ScheduledExecutorService bean found for scheduled processing
2022-05-28 02:57:49.042  INFO 27218 --- [    Test worker] c.h.b.s.w.c.IndexControllerTest          : Started IndexControllerTest in 1.656 seconds (JVM running for 3.652)
2022-05-28 02:57:49.093  INFO 27218 --- [o-auto-1-exec-1] o.a.c.c.C.[Tomcat].[localhost].[/]       : Initializing Spring DispatcherServlet 'dispatcherServlet'
2022-05-28 02:57:49.093  INFO 27218 --- [o-auto-1-exec-1] o.s.web.servlet.DispatcherServlet        : Initializing Servlet 'dispatcherServlet'
2022-05-28 02:57:49.094  INFO 27218 --- [o-auto-1-exec-1] o.s.web.servlet.DispatcherServlet        : Completed initialization in 1 ms
Hibernate: 
    select
        posts0_.id as id1_0_,
        posts0_.created_date as created_2_0_,
        posts0_.modified_date as modified3_0_,
        posts0_.author as author4_0_,
        posts0_.content as content5_0_,
        posts0_.title as title6_0_ 
    from
        posts posts0_ 
    order by
        posts0_.id DESC
]]></system-out>
  <system-err><![CDATA[]]></system-err>
</testsuite>
