<?xml version="1.0" encoding="UTF-8"?>
<testsuite name="com.haneul.book.springboot.web.controller.PostsApiControllerTest" tests="2" skipped="0" failures="0" errors="0" timestamp="2022-05-27T17:57:49" hostname="Haneului-MacBookAir.local" time="0.118">
  <properties/>
  <testcase name="Posts_등록된다()" classname="com.haneul.book.springboot.web.controller.PostsApiControllerTest" time="0.099"/>
  <testcase name="Posts_수정된다()" classname="com.haneul.book.springboot.web.controller.PostsApiControllerTest" time="0.019"/>
  <system-out><![CDATA[2022-05-28 02:57:49.142  INFO 27218 --- [    Test worker] .b.t.c.SpringBootTestContextBootstrapper : Neither @ContextConfiguration nor @ContextHierarchy found for test class [com.haneul.book.springboot.web.controller.PostsApiControllerTest], using SpringBootContextLoader
2022-05-28 02:57:49.143  INFO 27218 --- [    Test worker] o.s.t.c.support.AbstractContextLoader    : Could not detect default resource locations for test class [com.haneul.book.springboot.web.controller.PostsApiControllerTest]: no resource found for suffixes {-context.xml, Context.groovy}.
2022-05-28 02:57:49.143  INFO 27218 --- [    Test worker] t.c.s.AnnotationConfigContextLoaderUtils : Could not detect default configuration classes for test class [com.haneul.book.springboot.web.controller.PostsApiControllerTest]: PostsApiControllerTest does not declare any static, non-private, non-final, nested classes annotated with @Configuration.
2022-05-28 02:57:49.143  INFO 27218 --- [    Test worker] .b.t.c.SpringBootTestContextBootstrapper : Found @SpringBootConfiguration com.haneul.book.springboot.Application for test class com.haneul.book.springboot.web.controller.PostsApiControllerTest
2022-05-28 02:57:49.144  INFO 27218 --- [    Test worker] .b.t.c.SpringBootTestContextBootstrapper : Loaded default TestExecutionListener class names from location [META-INF/spring.factories]: [org.springframework.security.test.context.support.WithSecurityContextTestExecutionListener, org.springframework.security.test.context.support.ReactorContextTestExecutionListener, org.springframework.boot.test.autoconfigure.restdocs.RestDocsTestExecutionListener, org.springframework.boot.test.autoconfigure.web.client.MockRestServiceServerResetTestExecutionListener, org.springframework.boot.test.autoconfigure.web.servlet.MockMvcPrintOnlyOnFailureTestExecutionListener, org.springframework.boot.test.autoconfigure.web.servlet.WebDriverTestExecutionListener, org.springframework.boot.test.autoconfigure.webservices.client.MockWebServiceServerTestExecutionListener, org.springframework.boot.test.mock.mockito.MockitoTestExecutionListener, org.springframework.boot.test.mock.mockito.ResetMocksTestExecutionListener, org.springframework.test.context.web.ServletTestExecutionListener, org.springframework.test.context.support.DirtiesContextBeforeModesTestExecutionListener, org.springframework.test.context.event.ApplicationEventsTestExecutionListener, org.springframework.test.context.support.DependencyInjectionTestExecutionListener, org.springframework.test.context.support.DirtiesContextTestExecutionListener, org.springframework.test.context.transaction.TransactionalTestExecutionListener, org.springframework.test.context.jdbc.SqlScriptsTestExecutionListener, org.springframework.test.context.event.EventPublishingTestExecutionListener]
2022-05-28 02:57:49.144  INFO 27218 --- [    Test worker] .b.t.c.SpringBootTestContextBootstrapper : Using TestExecutionListeners: [org.springframework.test.context.web.ServletTestExecutionListener@6d140556, org.springframework.test.context.support.DirtiesContextBeforeModesTestExecutionListener@4f3b8ad9, org.springframework.test.context.event.ApplicationEventsTestExecutionListener@17f6eb9d, org.springframework.boot.test.mock.mockito.MockitoTestExecutionListener@12998bd4, org.springframework.boot.test.autoconfigure.SpringBootDependencyInjectionTestExecutionListener@5f6a1264, org.springframework.test.context.support.DirtiesContextTestExecutionListener@4c143612, org.springframework.test.context.transaction.TransactionalTestExecutionListener@6c1e960e, org.springframework.test.context.jdbc.SqlScriptsTestExecutionListener@32876772, org.springframework.security.test.context.support.WithSecurityContextTestExecutionListener@3d71ba74, org.springframework.test.context.event.EventPublishingTestExecutionListener@5038af6e, org.springframework.security.test.context.support.ReactorContextTestExecutionListener@488eed81, org.springframework.boot.test.autoconfigure.restdocs.RestDocsTestExecutionListener@41bbaf15, org.springframework.boot.test.autoconfigure.web.client.MockRestServiceServerResetTestExecutionListener@71290f4c, org.springframework.boot.test.autoconfigure.web.servlet.MockMvcPrintOnlyOnFailureTestExecutionListener@64ff8dd8, org.springframework.boot.test.autoconfigure.web.servlet.WebDriverTestExecutionListener@5b228623, org.springframework.boot.test.autoconfigure.webservices.client.MockWebServiceServerTestExecutionListener@47fd4955, org.springframework.boot.test.mock.mockito.ResetMocksTestExecutionListener@7e177d89]
2022-05-28 02:57:49.149  INFO 27218 --- [    Test worker] o.a.c.c.C.[Tomcat].[localhost].[/]       : Initializing Spring TestDispatcherServlet ''
2022-05-28 02:57:49.149  INFO 27218 --- [    Test worker] o.s.t.web.servlet.TestDispatcherServlet  : Initializing Servlet ''
2022-05-28 02:57:49.150  INFO 27218 --- [    Test worker] o.s.t.web.servlet.TestDispatcherServlet  : Completed initialization in 1 ms
Hibernate: 
    insert 
    into
        posts
        (created_date, modified_date, author, content, title) 
    values
        (?, ?, ?, ?, ?)
Hibernate: 
    select
        posts0_.id as id1_0_,
        posts0_.created_date as created_2_0_,
        posts0_.modified_date as modified3_0_,
        posts0_.author as author4_0_,
        posts0_.content as content5_0_,
        posts0_.title as title6_0_ 
    from
        posts posts0_
Hibernate: 
    select
        posts0_.id as id1_0_,
        posts0_.created_date as created_2_0_,
        posts0_.modified_date as modified3_0_,
        posts0_.author as author4_0_,
        posts0_.content as content5_0_,
        posts0_.title as title6_0_ 
    from
        posts posts0_
Hibernate: 
    delete 
    from
        posts 
    where
        id=?
2022-05-28 02:57:49.248  INFO 27218 --- [    Test worker] o.a.c.c.C.[Tomcat].[localhost].[/]       : Initializing Spring TestDispatcherServlet ''
2022-05-28 02:57:49.248  INFO 27218 --- [    Test worker] o.s.t.web.servlet.TestDispatcherServlet  : Initializing Servlet ''
2022-05-28 02:57:49.248  INFO 27218 --- [    Test worker] o.s.t.web.servlet.TestDispatcherServlet  : Completed initialization in 0 ms
Hibernate: 
    insert 
    into
        posts
        (created_date, modified_date, author, content, title) 
    values
        (?, ?, ?, ?, ?)
Hibernate: 
    select
        posts0_.id as id1_0_0_,
        posts0_.created_date as created_2_0_0_,
        posts0_.modified_date as modified3_0_0_,
        posts0_.author as author4_0_0_,
        posts0_.content as content5_0_0_,
        posts0_.title as title6_0_0_ 
    from
        posts posts0_ 
    where
        posts0_.id=?
Hibernate: 
    update
        posts 
    set
        created_date=?,
        modified_date=?,
        author=?,
        content=?,
        title=? 
    where
        id=?
Hibernate: 
    select
        posts0_.id as id1_0_,
        posts0_.created_date as created_2_0_,
        posts0_.modified_date as modified3_0_,
        posts0_.author as author4_0_,
        posts0_.content as content5_0_,
        posts0_.title as title6_0_ 
    from
        posts posts0_
Hibernate: 
    select
        posts0_.id as id1_0_,
        posts0_.created_date as created_2_0_,
        posts0_.modified_date as modified3_0_,
        posts0_.author as author4_0_,
        posts0_.content as content5_0_,
        posts0_.title as title6_0_ 
    from
        posts posts0_
Hibernate: 
    delete 
    from
        posts 
    where
        id=?
]]></system-out>
  <system-err><![CDATA[]]></system-err>
</testsuite>
