<?xml version="1.0" encoding="UTF-8"?>
<testsuite name="com.haneul.book.springboot.web.controller.dto.HelloResponseDtoTest" tests="1" skipped="0" failures="0" errors="0" timestamp="2022-05-28T05:56:58" hostname="Haneului-MacBookAir.local" time="0.036">
  <properties/>
  <testcase name="롬복_기능_테스트()" classname="com.haneul.book.springboot.web.controller.dto.HelloResponseDtoTest" time="0.036"/>
  <system-out><![CDATA[]]></system-out>
  <system-err><![CDATA[]]></system-err>
</testsuite>
