<?xml version="1.0" encoding="UTF-8"?>
<testsuite name="com.haneul.book.springboot.web.controller.PostsApiControllerTest" tests="2" skipped="0" failures="0" errors="0" timestamp="2022-05-28T05:57:02" hostname="Haneului-MacBookAir.local" time="0.099">
  <properties/>
  <testcase name="Posts_등록된다()" classname="com.haneul.book.springboot.web.controller.PostsApiControllerTest" time="0.079"/>
  <testcase name="Posts_수정된다()" classname="com.haneul.book.springboot.web.controller.PostsApiControllerTest" time="0.02"/>
  <system-out><![CDATA[2022-05-28 14:57:02.147  INFO 35676 --- [    Test worker] .b.t.c.SpringBootTestContextBootstrapper : Neither @ContextConfiguration nor @ContextHierarchy found for test class [com.haneul.book.springboot.web.controller.PostsApiControllerTest], using SpringBootContextLoader
2022-05-28 14:57:02.147  INFO 35676 --- [    Test worker] o.s.t.c.support.AbstractContextLoader    : Could not detect default resource locations for test class [com.haneul.book.springboot.web.controller.PostsApiControllerTest]: no resource found for suffixes {-context.xml, Context.groovy}.
2022-05-28 14:57:02.147  INFO 35676 --- [    Test worker] t.c.s.AnnotationConfigContextLoaderUtils : Could not detect default configuration classes for test class [com.haneul.book.springboot.web.controller.PostsApiControllerTest]: PostsApiControllerTest does not declare any static, non-private, non-final, nested classes annotated with @Configuration.
2022-05-28 14:57:02.148  INFO 35676 --- [    Test worker] .b.t.c.SpringBootTestContextBootstrapper : Found @SpringBootConfiguration com.haneul.book.springboot.Application for test class com.haneul.book.springboot.web.controller.PostsApiControllerTest
2022-05-28 14:57:02.149  INFO 35676 --- [    Test worker] .b.t.c.SpringBootTestContextBootstrapper : Loaded default TestExecutionListener class names from location [META-INF/spring.factories]: [org.springframework.security.test.context.support.WithSecurityContextTestExecutionListener, org.springframework.security.test.context.support.ReactorContextTestExecutionListener, org.springframework.boot.test.autoconfigure.restdocs.RestDocsTestExecutionListener, org.springframework.boot.test.autoconfigure.web.client.MockRestServiceServerResetTestExecutionListener, org.springframework.boot.test.autoconfigure.web.servlet.MockMvcPrintOnlyOnFailureTestExecutionListener, org.springframework.boot.test.autoconfigure.web.servlet.WebDriverTestExecutionListener, org.springframework.boot.test.autoconfigure.webservices.client.MockWebServiceServerTestExecutionListener, org.springframework.boot.test.mock.mockito.MockitoTestExecutionListener, org.springframework.boot.test.mock.mockito.ResetMocksTestExecutionListener, org.springframework.test.context.web.ServletTestExecutionListener, org.springframework.test.context.support.DirtiesContextBeforeModesTestExecutionListener, org.springframework.test.context.event.ApplicationEventsTestExecutionListener, org.springframework.test.context.support.DependencyInjectionTestExecutionListener, org.springframework.test.context.support.DirtiesContextTestExecutionListener, org.springframework.test.context.transaction.TransactionalTestExecutionListener, org.springframework.test.context.jdbc.SqlScriptsTestExecutionListener, org.springframework.test.context.event.EventPublishingTestExecutionListener]
2022-05-28 14:57:02.149  INFO 35676 --- [    Test worker] .b.t.c.SpringBootTestContextBootstrapper : Using TestExecutionListeners: [org.springframework.test.context.web.ServletTestExecutionListener@3b636815, org.springframework.test.context.support.DirtiesContextBeforeModesTestExecutionListener@611ce74f, org.springframework.test.context.event.ApplicationEventsTestExecutionListener@5ae8ace3, org.springframework.boot.test.mock.mockito.MockitoTestExecutionListener@31463da2, org.springframework.boot.test.autoconfigure.SpringBootDependencyInjectionTestExecutionListener@11c5d85f, org.springframework.test.context.support.DirtiesContextTestExecutionListener@176573b7, org.springframework.test.context.transaction.TransactionalTestExecutionListener@8754a0c, org.springframework.test.context.jdbc.SqlScriptsTestExecutionListener@8dedd8d, org.springframework.security.test.context.support.WithSecurityContextTestExecutionListener@3766ebe9, org.springframework.test.context.event.EventPublishingTestExecutionListener@ba2de79, org.springframework.security.test.context.support.ReactorContextTestExecutionListener@29a5d02b, org.springframework.boot.test.autoconfigure.restdocs.RestDocsTestExecutionListener@57e95227, org.springframework.boot.test.autoconfigure.web.client.MockRestServiceServerResetTestExecutionListener@57d0c290, org.springframework.boot.test.autoconfigure.web.servlet.MockMvcPrintOnlyOnFailureTestExecutionListener@4a9c8f05, org.springframework.boot.test.autoconfigure.web.servlet.WebDriverTestExecutionListener@4dbf2af5, org.springframework.boot.test.autoconfigure.webservices.client.MockWebServiceServerTestExecutionListener@50da310f, org.springframework.boot.test.mock.mockito.ResetMocksTestExecutionListener@1cfbdc6]
2022-05-28 14:57:02.154  INFO 35676 --- [    Test worker] o.a.c.c.C.[Tomcat].[localhost].[/]       : Initializing Spring TestDispatcherServlet ''
2022-05-28 14:57:02.154  INFO 35676 --- [    Test worker] o.s.t.web.servlet.TestDispatcherServlet  : Initializing Servlet ''
2022-05-28 14:57:02.155  INFO 35676 --- [    Test worker] o.s.t.web.servlet.TestDispatcherServlet  : Completed initialization in 1 ms
Hibernate: 
    insert 
    into
        posts
        (created_date, modified_date, author, content, title) 
    values
        (?, ?, ?, ?, ?)
Hibernate: 
    select
        posts0_.id as id1_0_,
        posts0_.created_date as created_2_0_,
        posts0_.modified_date as modified3_0_,
        posts0_.author as author4_0_,
        posts0_.content as content5_0_,
        posts0_.title as title6_0_ 
    from
        posts posts0_
Hibernate: 
    select
        posts0_.id as id1_0_,
        posts0_.created_date as created_2_0_,
        posts0_.modified_date as modified3_0_,
        posts0_.author as author4_0_,
        posts0_.content as content5_0_,
        posts0_.title as title6_0_ 
    from
        posts posts0_
Hibernate: 
    delete 
    from
        posts 
    where
        id=?
2022-05-28 14:57:02.232  INFO 35676 --- [    Test worker] o.a.c.c.C.[Tomcat].[localhost].[/]       : Initializing Spring TestDispatcherServlet ''
2022-05-28 14:57:02.232  INFO 35676 --- [    Test worker] o.s.t.web.servlet.TestDispatcherServlet  : Initializing Servlet ''
2022-05-28 14:57:02.233  INFO 35676 --- [    Test worker] o.s.t.web.servlet.TestDispatcherServlet  : Completed initialization in 1 ms
Hibernate: 
    insert 
    into
        posts
        (created_date, modified_date, author, content, title) 
    values
        (?, ?, ?, ?, ?)
Hibernate: 
    select
        posts0_.id as id1_0_0_,
        posts0_.created_date as created_2_0_0_,
        posts0_.modified_date as modified3_0_0_,
        posts0_.author as author4_0_0_,
        posts0_.content as content5_0_0_,
        posts0_.title as title6_0_0_ 
    from
        posts posts0_ 
    where
        posts0_.id=?
Hibernate: 
    update
        posts 
    set
        created_date=?,
        modified_date=?,
        author=?,
        content=?,
        title=? 
    where
        id=?
Hibernate: 
    select
        posts0_.id as id1_0_,
        posts0_.created_date as created_2_0_,
        posts0_.modified_date as modified3_0_,
        posts0_.author as author4_0_,
        posts0_.content as content5_0_,
        posts0_.title as title6_0_ 
    from
        posts posts0_
Hibernate: 
    select
        posts0_.id as id1_0_,
        posts0_.created_date as created_2_0_,
        posts0_.modified_date as modified3_0_,
        posts0_.author as author4_0_,
        posts0_.content as content5_0_,
        posts0_.title as title6_0_ 
    from
        posts posts0_
Hibernate: 
    delete 
    from
        posts 
    where
        id=?
]]></system-out>
  <system-err><![CDATA[]]></system-err>
</testsuite>
