<?xml version="1.0" encoding="UTF-8"?>
<testsuite name="com.haneul.book.springboot.web.controller.HelloControllerTest" tests="2" skipped="0" failures="0" errors="0" timestamp="2022-05-28T05:56:59" hostname="Haneului-MacBookAir.local" time="0.295">
  <properties/>
  <testcase name="hello가_리턴된다()" classname="com.haneul.book.springboot.web.controller.HelloControllerTest" time="0.234"/>
  <testcase name="helloDto가_리턴된다()" classname="com.haneul.book.springboot.web.controller.HelloControllerTest" time="0.06"/>
  <system-out><![CDATA[14:56:58.539 [Test worker] DEBUG org.springframework.test.context.BootstrapUtils - Instantiating CacheAwareContextLoaderDelegate from class [org.springframework.test.context.cache.DefaultCacheAwareContextLoaderDelegate]
14:56:58.545 [Test worker] DEBUG org.springframework.test.context.BootstrapUtils - Instantiating BootstrapContext using constructor [public org.springframework.test.context.support.DefaultBootstrapContext(java.lang.Class,org.springframework.test.context.CacheAwareContextLoaderDelegate)]
14:56:58.565 [Test worker] DEBUG org.springframework.test.context.BootstrapUtils - Instantiating TestContextBootstrapper for test class [com.haneul.book.springboot.web.controller.HelloControllerTest] from class [org.springframework.boot.test.autoconfigure.web.servlet.WebMvcTestContextBootstrapper]
14:56:58.570 [Test worker] INFO org.springframework.boot.test.autoconfigure.web.servlet.WebMvcTestContextBootstrapper - Neither @ContextConfiguration nor @ContextHierarchy found for test class [com.haneul.book.springboot.web.controller.HelloControllerTest], using SpringBootContextLoader
14:56:58.572 [Test worker] DEBUG org.springframework.test.context.support.AbstractContextLoader - Did not detect default resource location for test class [com.haneul.book.springboot.web.controller.HelloControllerTest]: class path resource [com/haneul/book/springboot/web/controller/HelloControllerTest-context.xml] does not exist
14:56:58.573 [Test worker] DEBUG org.springframework.test.context.support.AbstractContextLoader - Did not detect default resource location for test class [com.haneul.book.springboot.web.controller.HelloControllerTest]: class path resource [com/haneul/book/springboot/web/controller/HelloControllerTestContext.groovy] does not exist
14:56:58.573 [Test worker] INFO org.springframework.test.context.support.AbstractContextLoader - Could not detect default resource locations for test class [com.haneul.book.springboot.web.controller.HelloControllerTest]: no resource found for suffixes {-context.xml, Context.groovy}.
14:56:58.573 [Test worker] INFO org.springframework.test.context.support.AnnotationConfigContextLoaderUtils - Could not detect default configuration classes for test class [com.haneul.book.springboot.web.controller.HelloControllerTest]: HelloControllerTest does not declare any static, non-private, non-final, nested classes annotated with @Configuration.
14:56:58.607 [Test worker] DEBUG org.springframework.test.context.support.ActiveProfilesUtils - Could not find an 'annotation declaring class' for annotation type [org.springframework.test.context.ActiveProfiles] and class [com.haneul.book.springboot.web.controller.HelloControllerTest]
14:56:58.641 [Test worker] DEBUG org.springframework.context.annotation.ClassPathScanningCandidateComponentProvider - Identified candidate component class: file [/Users/haneulkim/Downloads/freelect-springboot2-webservice/build/classes/java/main/com/haneul/book/springboot/Application.class]
14:56:58.641 [Test worker] INFO org.springframework.boot.test.context.SpringBootTestContextBootstrapper - Found @SpringBootConfiguration com.haneul.book.springboot.Application for test class com.haneul.book.springboot.web.controller.HelloControllerTest
14:56:58.643 [Test worker] DEBUG org.springframework.boot.test.autoconfigure.web.servlet.WebMvcTestContextBootstrapper - @TestExecutionListeners is not present for class [com.haneul.book.springboot.web.controller.HelloControllerTest]: using defaults.
14:56:58.643 [Test worker] INFO org.springframework.boot.test.autoconfigure.web.servlet.WebMvcTestContextBootstrapper - Loaded default TestExecutionListener class names from location [META-INF/spring.factories]: [org.springframework.security.test.context.support.WithSecurityContextTestExecutionListener, org.springframework.security.test.context.support.ReactorContextTestExecutionListener, org.springframework.boot.test.autoconfigure.restdocs.RestDocsTestExecutionListener, org.springframework.boot.test.autoconfigure.web.client.MockRestServiceServerResetTestExecutionListener, org.springframework.boot.test.autoconfigure.web.servlet.MockMvcPrintOnlyOnFailureTestExecutionListener, org.springframework.boot.test.autoconfigure.web.servlet.WebDriverTestExecutionListener, org.springframework.boot.test.autoconfigure.webservices.client.MockWebServiceServerTestExecutionListener, org.springframework.boot.test.mock.mockito.MockitoTestExecutionListener, org.springframework.boot.test.mock.mockito.ResetMocksTestExecutionListener, org.springframework.test.context.web.ServletTestExecutionListener, org.springframework.test.context.support.DirtiesContextBeforeModesTestExecutionListener, org.springframework.test.context.event.ApplicationEventsTestExecutionListener, org.springframework.test.context.support.DependencyInjectionTestExecutionListener, org.springframework.test.context.support.DirtiesContextTestExecutionListener, org.springframework.test.context.transaction.TransactionalTestExecutionListener, org.springframework.test.context.jdbc.SqlScriptsTestExecutionListener, org.springframework.test.context.event.EventPublishingTestExecutionListener]
14:56:58.652 [Test worker] INFO org.springframework.boot.test.autoconfigure.web.servlet.WebMvcTestContextBootstrapper - Using TestExecutionListeners: [org.springframework.test.context.web.ServletTestExecutionListener@63461a46, org.springframework.test.context.support.DirtiesContextBeforeModesTestExecutionListener@2f87f65, org.springframework.test.context.event.ApplicationEventsTestExecutionListener@7e4ce768, org.springframework.boot.test.mock.mockito.MockitoTestExecutionListener@b4eb532, org.springframework.boot.test.autoconfigure.SpringBootDependencyInjectionTestExecutionListener@58091a37, org.springframework.test.context.support.DirtiesContextTestExecutionListener@19cb4504, org.springframework.test.context.transaction.TransactionalTestExecutionListener@2586f2, org.springframework.test.context.jdbc.SqlScriptsTestExecutionListener@7e3c44e1, org.springframework.security.test.context.support.WithSecurityContextTestExecutionListener@6ef421b3, org.springframework.test.context.event.EventPublishingTestExecutionListener@2dd4ba0c, org.springframework.security.test.context.support.ReactorContextTestExecutionListener@1eabb52, org.springframework.boot.test.autoconfigure.restdocs.RestDocsTestExecutionListener@1dedecc2, org.springframework.boot.test.autoconfigure.web.client.MockRestServiceServerResetTestExecutionListener@525baf75, org.springframework.boot.test.autoconfigure.web.servlet.MockMvcPrintOnlyOnFailureTestExecutionListener@5ad77be8, org.springframework.boot.test.autoconfigure.web.servlet.WebDriverTestExecutionListener@eb37bcb, org.springframework.boot.test.autoconfigure.webservices.client.MockWebServiceServerTestExecutionListener@7c4a1d23, org.springframework.boot.test.mock.mockito.ResetMocksTestExecutionListener@73e525d8]
14:56:58.653 [Test worker] DEBUG org.springframework.test.context.support.AbstractDirtiesContextTestExecutionListener - Before test class: context [DefaultTestContext@77e468b testClass = HelloControllerTest, testInstance = [null], testMethod = [null], testException = [null], mergedContextConfiguration = [WebMergedContextConfiguration@7bf5b7c5 testClass = HelloControllerTest, locations = '{}', classes = '{class com.haneul.book.springboot.Application}', contextInitializerClasses = '[]', activeProfiles = '{}', propertySourceLocations = '{}', propertySourceProperties = '{org.springframework.boot.test.autoconfigure.web.servlet.WebMvcTestContextBootstrapper=true}', contextCustomizers = set[org.springframework.boot.test.autoconfigure.OverrideAutoConfigurationContextCustomizerFactory$DisableAutoConfigurationContextCustomizer@5d3cc810, org.springframework.boot.test.autoconfigure.actuate.metrics.MetricsExportContextCustomizerFactory$DisableMetricExportContextCustomizer@198bbb0f, org.springframework.boot.test.autoconfigure.filter.TypeExcludeFiltersContextCustomizer@2ddb6b4b, org.springframework.boot.test.autoconfigure.properties.PropertyMappingContextCustomizer@da480f3d, org.springframework.boot.test.autoconfigure.web.servlet.WebDriverContextCustomizerFactory$Customizer@51013e74, [ImportsContextCustomizer@5aa56b8d key = [org.springframework.boot.autoconfigure.cache.CacheAutoConfiguration, org.springframework.boot.autoconfigure.context.MessageSourceAutoConfiguration, org.springframework.boot.autoconfigure.data.web.SpringDataWebAutoConfiguration, org.springframework.boot.autoconfigure.freemarker.FreeMarkerAutoConfiguration, org.springframework.boot.autoconfigure.groovy.template.GroovyTemplateAutoConfiguration, org.springframework.boot.autoconfigure.gson.GsonAutoConfiguration, org.springframework.boot.autoconfigure.hateoas.HypermediaAutoConfiguration, org.springframework.boot.autoconfigure.http.HttpMessageConvertersAutoConfiguration, org.springframework.boot.autoconfigure.jackson.JacksonAutoConfiguration, org.springframework.boot.autoconfigure.jsonb.JsonbAutoConfiguration, org.springframework.boot.autoconfigure.mustache.MustacheAutoConfiguration, org.springframework.boot.autoconfigure.task.TaskExecutionAutoConfiguration, org.springframework.boot.autoconfigure.thymeleaf.ThymeleafAutoConfiguration, org.springframework.boot.autoconfigure.validation.ValidationAutoConfiguration, org.springframework.boot.autoconfigure.web.servlet.error.ErrorMvcAutoConfiguration, org.springframework.boot.autoconfigure.web.servlet.HttpEncodingAutoConfiguration, org.springframework.boot.autoconfigure.web.servlet.WebMvcAutoConfiguration, org.springframework.boot.test.autoconfigure.web.servlet.MockMvcAutoConfiguration, org.springframework.boot.test.autoconfigure.web.servlet.MockMvcWebClientAutoConfiguration, org.springframework.boot.test.autoconfigure.web.servlet.MockMvcWebDriverAutoConfiguration, org.springframework.boot.autoconfigure.security.oauth2.client.servlet.OAuth2ClientAutoConfiguration, org.springframework.boot.autoconfigure.security.oauth2.resource.servlet.OAuth2ResourceServerAutoConfiguration, org.springframework.boot.autoconfigure.security.servlet.SecurityAutoConfiguration, org.springframework.boot.autoconfigure.security.servlet.SecurityFilterAutoConfiguration, org.springframework.boot.autoconfigure.security.servlet.UserDetailsServiceAutoConfiguration, org.springframework.boot.test.autoconfigure.web.servlet.MockMvcSecurityConfiguration, org.springframework.boot.test.autoconfigure.web.reactive.WebTestClientAutoConfiguration]], org.springframework.boot.test.context.filter.ExcludeFilterContextCustomizer@74485464, org.springframework.boot.test.json.DuplicateJsonObjectContextCustomizerFactory$DuplicateJsonObjectContextCustomizer@7ebed9e9, org.springframework.boot.test.mock.mockito.MockitoContextCustomizer@0, org.springframework.boot.test.context.SpringBootTestArgs@1, org.springframework.boot.test.context.SpringBootTestWebEnvironment@0], resourceBasePath = 'src/main/webapp', contextLoader = 'org.springframework.boot.test.context.SpringBootContextLoader', parent = [null]], attributes = map[[empty]]], class annotated with @DirtiesContext [false] with mode [null].
14:56:58.657 [Test worker] DEBUG org.springframework.test.context.support.DependencyInjectionTestExecutionListener - Performing dependency injection for test context [[DefaultTestContext@77e468b testClass = HelloControllerTest, testInstance = com.haneul.book.springboot.web.controller.HelloControllerTest@9dccc0, testMethod = [null], testException = [null], mergedContextConfiguration = [WebMergedContextConfiguration@7bf5b7c5 testClass = HelloControllerTest, locations = '{}', classes = '{class com.haneul.book.springboot.Application}', contextInitializerClasses = '[]', activeProfiles = '{}', propertySourceLocations = '{}', propertySourceProperties = '{org.springframework.boot.test.autoconfigure.web.servlet.WebMvcTestContextBootstrapper=true}', contextCustomizers = set[org.springframework.boot.test.autoconfigure.OverrideAutoConfigurationContextCustomizerFactory$DisableAutoConfigurationContextCustomizer@5d3cc810, org.springframework.boot.test.autoconfigure.actuate.metrics.MetricsExportContextCustomizerFactory$DisableMetricExportContextCustomizer@198bbb0f, org.springframework.boot.test.autoconfigure.filter.TypeExcludeFiltersContextCustomizer@2ddb6b4b, org.springframework.boot.test.autoconfigure.properties.PropertyMappingContextCustomizer@da480f3d, org.springframework.boot.test.autoconfigure.web.servlet.WebDriverContextCustomizerFactory$Customizer@51013e74, [ImportsContextCustomizer@5aa56b8d key = [org.springframework.boot.autoconfigure.cache.CacheAutoConfiguration, org.springframework.boot.autoconfigure.context.MessageSourceAutoConfiguration, org.springframework.boot.autoconfigure.data.web.SpringDataWebAutoConfiguration, org.springframework.boot.autoconfigure.freemarker.FreeMarkerAutoConfiguration, org.springframework.boot.autoconfigure.groovy.template.GroovyTemplateAutoConfiguration, org.springframework.boot.autoconfigure.gson.GsonAutoConfiguration, org.springframework.boot.autoconfigure.hateoas.HypermediaAutoConfiguration, org.springframework.boot.autoconfigure.http.HttpMessageConvertersAutoConfiguration, org.springframework.boot.autoconfigure.jackson.JacksonAutoConfiguration, org.springframework.boot.autoconfigure.jsonb.JsonbAutoConfiguration, org.springframework.boot.autoconfigure.mustache.MustacheAutoConfiguration, org.springframework.boot.autoconfigure.task.TaskExecutionAutoConfiguration, org.springframework.boot.autoconfigure.thymeleaf.ThymeleafAutoConfiguration, org.springframework.boot.autoconfigure.validation.ValidationAutoConfiguration, org.springframework.boot.autoconfigure.web.servlet.error.ErrorMvcAutoConfiguration, org.springframework.boot.autoconfigure.web.servlet.HttpEncodingAutoConfiguration, org.springframework.boot.autoconfigure.web.servlet.WebMvcAutoConfiguration, org.springframework.boot.test.autoconfigure.web.servlet.MockMvcAutoConfiguration, org.springframework.boot.test.autoconfigure.web.servlet.MockMvcWebClientAutoConfiguration, org.springframework.boot.test.autoconfigure.web.servlet.MockMvcWebDriverAutoConfiguration, org.springframework.boot.autoconfigure.security.oauth2.client.servlet.OAuth2ClientAutoConfiguration, org.springframework.boot.autoconfigure.security.oauth2.resource.servlet.OAuth2ResourceServerAutoConfiguration, org.springframework.boot.autoconfigure.security.servlet.SecurityAutoConfiguration, org.springframework.boot.autoconfigure.security.servlet.SecurityFilterAutoConfiguration, org.springframework.boot.autoconfigure.security.servlet.UserDetailsServiceAutoConfiguration, org.springframework.boot.test.autoconfigure.web.servlet.MockMvcSecurityConfiguration, org.springframework.boot.test.autoconfigure.web.reactive.WebTestClientAutoConfiguration]], org.springframework.boot.test.context.filter.ExcludeFilterContextCustomizer@74485464, org.springframework.boot.test.json.DuplicateJsonObjectContextCustomizerFactory$DuplicateJsonObjectContextCustomizer@7ebed9e9, org.springframework.boot.test.mock.mockito.MockitoContextCustomizer@0, org.springframework.boot.test.context.SpringBootTestArgs@1, org.springframework.boot.test.context.SpringBootTestWebEnvironment@0], resourceBasePath = 'src/main/webapp', contextLoader = 'org.springframework.boot.test.context.SpringBootContextLoader', parent = [null]], attributes = map['org.springframework.test.context.event.ApplicationEventsTestExecutionListener.recordApplicationEvents' -> false]]].

  .   ____          _            __ _ _
 /\\ / ___'_ __ _ _(_)_ __  __ _ \ \ \ \
( ( )\___ | '_ | '_| | '_ \/ _` | \ \ \ \
 \\/  ___)| |_)| | | | | || (_| |  ) ) ) )
  '  |____| .__|_| |_|_| |_\__, | / / / /
 =========|_|==============|___/=/_/_/_/
 :: Spring Boot ::                (v2.6.7)

2022-05-28 14:56:59.094  INFO 35676 --- [    Test worker] c.h.b.s.w.c.HelloControllerTest          : Starting HelloControllerTest using Java 11.0.10 on Haneului-MacBookAir.local with PID 35676 (started by haneulkim in /Users/haneulkim/Downloads/freelect-springboot2-webservice)
2022-05-28 14:56:59.095  INFO 35676 --- [    Test worker] c.h.b.s.w.c.HelloControllerTest          : The following 1 profile is active: "oauth"
2022-05-28 14:56:59.692  INFO 35676 --- [    Test worker] o.s.b.a.w.s.WelcomePageHandlerMapping    : Adding welcome page template: index
2022-05-28 14:56:59.888  INFO 35676 --- [    Test worker] o.s.s.web.DefaultSecurityFilterChain     : Will secure any request with [org.springframework.security.web.context.request.async.WebAsyncManagerIntegrationFilter@22937b97, org.springframework.security.web.context.SecurityContextPersistenceFilter@745402de, org.springframework.security.web.header.HeaderWriterFilter@406096b2, org.springframework.security.web.csrf.CsrfFilter@3d182ce5, org.springframework.security.web.authentication.logout.LogoutFilter@228b34de, org.springframework.security.oauth2.client.web.OAuth2AuthorizationRequestRedirectFilter@55a936ec, org.springframework.security.oauth2.client.web.OAuth2AuthorizationRequestRedirectFilter@1e369649, org.springframework.security.oauth2.client.web.OAuth2LoginAuthenticationFilter@7318665, org.springframework.security.web.authentication.ui.DefaultLoginPageGeneratingFilter@4a97a4c7, org.springframework.security.web.authentication.ui.DefaultLogoutPageGeneratingFilter@59bfa41c, org.springframework.security.web.savedrequest.RequestCacheAwareFilter@33b8255a, org.springframework.security.web.servletapi.SecurityContextHolderAwareRequestFilter@67ae8301, org.springframework.security.web.authentication.AnonymousAuthenticationFilter@51add29, org.springframework.security.oauth2.client.web.OAuth2AuthorizationCodeGrantFilter@5ccb07c2, org.springframework.security.web.session.SessionManagementFilter@111b928b, org.springframework.security.web.access.ExceptionTranslationFilter@6debc025, org.springframework.security.web.access.intercept.FilterSecurityInterceptor@208951a2]
2022-05-28 14:56:59.937  INFO 35676 --- [    Test worker] o.s.b.t.m.w.SpringBootMockServletContext : Initializing Spring TestDispatcherServlet ''
2022-05-28 14:56:59.938  INFO 35676 --- [    Test worker] o.s.t.web.servlet.TestDispatcherServlet  : Initializing Servlet ''
2022-05-28 14:56:59.938  INFO 35676 --- [    Test worker] o.s.t.web.servlet.TestDispatcherServlet  : Completed initialization in 0 ms
2022-05-28 14:56:59.952  INFO 35676 --- [    Test worker] c.h.b.s.w.c.HelloControllerTest          : Started HelloControllerTest in 1.271 seconds (JVM running for 2.066)
]]></system-out>
  <system-err><![CDATA[]]></system-err>
</testsuite>
