<?xml version="1.0" encoding="UTF-8"?>
<testsuite name="com.haneul.book.springboot.web.controller.HelloControllerTest" tests="2" skipped="0" failures="0" errors="0" timestamp="2022-05-27T17:57:47" hostname="Haneului-MacBookAir.local" time="0.269">
  <properties/>
  <testcase name="hello가_리턴된다()" classname="com.haneul.book.springboot.web.controller.HelloControllerTest" time="0.219"/>
  <testcase name="helloDto가_리턴된다()" classname="com.haneul.book.springboot.web.controller.HelloControllerTest" time="0.049"/>
  <system-out><![CDATA[02:57:45.805 [Test worker] DEBUG org.springframework.test.context.BootstrapUtils - Instantiating CacheAwareContextLoaderDelegate from class [org.springframework.test.context.cache.DefaultCacheAwareContextLoaderDelegate]
02:57:45.810 [Test worker] DEBUG org.springframework.test.context.BootstrapUtils - Instantiating BootstrapContext using constructor [public org.springframework.test.context.support.DefaultBootstrapContext(java.lang.Class,org.springframework.test.context.CacheAwareContextLoaderDelegate)]
02:57:45.827 [Test worker] DEBUG org.springframework.test.context.BootstrapUtils - Instantiating TestContextBootstrapper for test class [com.haneul.book.springboot.web.controller.HelloControllerTest] from class [org.springframework.boot.test.autoconfigure.web.servlet.WebMvcTestContextBootstrapper]
02:57:45.832 [Test worker] INFO org.springframework.boot.test.autoconfigure.web.servlet.WebMvcTestContextBootstrapper - Neither @ContextConfiguration nor @ContextHierarchy found for test class [com.haneul.book.springboot.web.controller.HelloControllerTest], using SpringBootContextLoader
02:57:45.834 [Test worker] DEBUG org.springframework.test.context.support.AbstractContextLoader - Did not detect default resource location for test class [com.haneul.book.springboot.web.controller.HelloControllerTest]: class path resource [com/haneul/book/springboot/web/controller/HelloControllerTest-context.xml] does not exist
02:57:45.834 [Test worker] DEBUG org.springframework.test.context.support.AbstractContextLoader - Did not detect default resource location for test class [com.haneul.book.springboot.web.controller.HelloControllerTest]: class path resource [com/haneul/book/springboot/web/controller/HelloControllerTestContext.groovy] does not exist
02:57:45.835 [Test worker] INFO org.springframework.test.context.support.AbstractContextLoader - Could not detect default resource locations for test class [com.haneul.book.springboot.web.controller.HelloControllerTest]: no resource found for suffixes {-context.xml, Context.groovy}.
02:57:45.835 [Test worker] INFO org.springframework.test.context.support.AnnotationConfigContextLoaderUtils - Could not detect default configuration classes for test class [com.haneul.book.springboot.web.controller.HelloControllerTest]: HelloControllerTest does not declare any static, non-private, non-final, nested classes annotated with @Configuration.
02:57:45.867 [Test worker] DEBUG org.springframework.test.context.support.ActiveProfilesUtils - Could not find an 'annotation declaring class' for annotation type [org.springframework.test.context.ActiveProfiles] and class [com.haneul.book.springboot.web.controller.HelloControllerTest]
02:57:45.897 [Test worker] DEBUG org.springframework.context.annotation.ClassPathScanningCandidateComponentProvider - Identified candidate component class: file [/Users/haneulkim/Downloads/freelect-springboot2-webservice/build/classes/java/main/com/haneul/book/springboot/Application.class]
02:57:45.898 [Test worker] INFO org.springframework.boot.test.context.SpringBootTestContextBootstrapper - Found @SpringBootConfiguration com.haneul.book.springboot.Application for test class com.haneul.book.springboot.web.controller.HelloControllerTest
02:57:45.899 [Test worker] DEBUG org.springframework.boot.test.autoconfigure.web.servlet.WebMvcTestContextBootstrapper - @TestExecutionListeners is not present for class [com.haneul.book.springboot.web.controller.HelloControllerTest]: using defaults.
02:57:45.899 [Test worker] INFO org.springframework.boot.test.autoconfigure.web.servlet.WebMvcTestContextBootstrapper - Loaded default TestExecutionListener class names from location [META-INF/spring.factories]: [org.springframework.security.test.context.support.WithSecurityContextTestExecutionListener, org.springframework.security.test.context.support.ReactorContextTestExecutionListener, org.springframework.boot.test.autoconfigure.restdocs.RestDocsTestExecutionListener, org.springframework.boot.test.autoconfigure.web.client.MockRestServiceServerResetTestExecutionListener, org.springframework.boot.test.autoconfigure.web.servlet.MockMvcPrintOnlyOnFailureTestExecutionListener, org.springframework.boot.test.autoconfigure.web.servlet.WebDriverTestExecutionListener, org.springframework.boot.test.autoconfigure.webservices.client.MockWebServiceServerTestExecutionListener, org.springframework.boot.test.mock.mockito.MockitoTestExecutionListener, org.springframework.boot.test.mock.mockito.ResetMocksTestExecutionListener, org.springframework.test.context.web.ServletTestExecutionListener, org.springframework.test.context.support.DirtiesContextBeforeModesTestExecutionListener, org.springframework.test.context.event.ApplicationEventsTestExecutionListener, org.springframework.test.context.support.DependencyInjectionTestExecutionListener, org.springframework.test.context.support.DirtiesContextTestExecutionListener, org.springframework.test.context.transaction.TransactionalTestExecutionListener, org.springframework.test.context.jdbc.SqlScriptsTestExecutionListener, org.springframework.test.context.event.EventPublishingTestExecutionListener]
02:57:45.908 [Test worker] INFO org.springframework.boot.test.autoconfigure.web.servlet.WebMvcTestContextBootstrapper - Using TestExecutionListeners: [org.springframework.test.context.web.ServletTestExecutionListener@79bd72c2, org.springframework.test.context.support.DirtiesContextBeforeModesTestExecutionListener@78fc8daf, org.springframework.test.context.event.ApplicationEventsTestExecutionListener@53a15c41, org.springframework.boot.test.mock.mockito.MockitoTestExecutionListener@8d5cae7, org.springframework.boot.test.autoconfigure.SpringBootDependencyInjectionTestExecutionListener@1aec925d, org.springframework.test.context.support.DirtiesContextTestExecutionListener@661e55a, org.springframework.test.context.transaction.TransactionalTestExecutionListener@5f7be283, org.springframework.test.context.jdbc.SqlScriptsTestExecutionListener@79df8979, org.springframework.security.test.context.support.WithSecurityContextTestExecutionListener@75f9265, org.springframework.test.context.event.EventPublishingTestExecutionListener@e9dece1, org.springframework.security.test.context.support.ReactorContextTestExecutionListener@ef2684b, org.springframework.boot.test.autoconfigure.restdocs.RestDocsTestExecutionListener@b63acad, org.springframework.boot.test.autoconfigure.web.client.MockRestServiceServerResetTestExecutionListener@7054cb1e, org.springframework.boot.test.autoconfigure.web.servlet.MockMvcPrintOnlyOnFailureTestExecutionListener@11cfdb11, org.springframework.boot.test.autoconfigure.web.servlet.WebDriverTestExecutionListener@c625953, org.springframework.boot.test.autoconfigure.webservices.client.MockWebServiceServerTestExecutionListener@1af29ab6, org.springframework.boot.test.mock.mockito.ResetMocksTestExecutionListener@4c28becd]
02:57:45.910 [Test worker] DEBUG org.springframework.test.context.support.AbstractDirtiesContextTestExecutionListener - Before test class: context [DefaultTestContext@402ffe92 testClass = HelloControllerTest, testInstance = [null], testMethod = [null], testException = [null], mergedContextConfiguration = [WebMergedContextConfiguration@5bdf374a testClass = HelloControllerTest, locations = '{}', classes = '{class com.haneul.book.springboot.Application}', contextInitializerClasses = '[]', activeProfiles = '{}', propertySourceLocations = '{}', propertySourceProperties = '{org.springframework.boot.test.autoconfigure.web.servlet.WebMvcTestContextBootstrapper=true}', contextCustomizers = set[org.springframework.boot.test.autoconfigure.OverrideAutoConfigurationContextCustomizerFactory$DisableAutoConfigurationContextCustomizer@7fbd2ca4, org.springframework.boot.test.autoconfigure.actuate.metrics.MetricsExportContextCustomizerFactory$DisableMetricExportContextCustomizer@58fdf63f, org.springframework.boot.test.autoconfigure.filter.TypeExcludeFiltersContextCustomizer@61443884, org.springframework.boot.test.autoconfigure.properties.PropertyMappingContextCustomizer@d9c4522, org.springframework.boot.test.autoconfigure.web.servlet.WebDriverContextCustomizerFactory$Customizer@10ebe0f9, [ImportsContextCustomizer@6c3e086c key = [org.springframework.boot.autoconfigure.cache.CacheAutoConfiguration, org.springframework.boot.autoconfigure.context.MessageSourceAutoConfiguration, org.springframework.boot.autoconfigure.data.web.SpringDataWebAutoConfiguration, org.springframework.boot.autoconfigure.freemarker.FreeMarkerAutoConfiguration, org.springframework.boot.autoconfigure.groovy.template.GroovyTemplateAutoConfiguration, org.springframework.boot.autoconfigure.gson.GsonAutoConfiguration, org.springframework.boot.autoconfigure.hateoas.HypermediaAutoConfiguration, org.springframework.boot.autoconfigure.http.HttpMessageConvertersAutoConfiguration, org.springframework.boot.autoconfigure.jackson.JacksonAutoConfiguration, org.springframework.boot.autoconfigure.jsonb.JsonbAutoConfiguration, org.springframework.boot.autoconfigure.mustache.MustacheAutoConfiguration, org.springframework.boot.autoconfigure.task.TaskExecutionAutoConfiguration, org.springframework.boot.autoconfigure.thymeleaf.ThymeleafAutoConfiguration, org.springframework.boot.autoconfigure.validation.ValidationAutoConfiguration, org.springframework.boot.autoconfigure.web.servlet.error.ErrorMvcAutoConfiguration, org.springframework.boot.autoconfigure.web.servlet.HttpEncodingAutoConfiguration, org.springframework.boot.autoconfigure.web.servlet.WebMvcAutoConfiguration, org.springframework.boot.test.autoconfigure.web.servlet.MockMvcAutoConfiguration, org.springframework.boot.test.autoconfigure.web.servlet.MockMvcWebClientAutoConfiguration, org.springframework.boot.test.autoconfigure.web.servlet.MockMvcWebDriverAutoConfiguration, org.springframework.boot.autoconfigure.security.oauth2.client.servlet.OAuth2ClientAutoConfiguration, org.springframework.boot.autoconfigure.security.oauth2.resource.servlet.OAuth2ResourceServerAutoConfiguration, org.springframework.boot.autoconfigure.security.servlet.SecurityAutoConfiguration, org.springframework.boot.autoconfigure.security.servlet.SecurityFilterAutoConfiguration, org.springframework.boot.autoconfigure.security.servlet.UserDetailsServiceAutoConfiguration, org.springframework.boot.test.autoconfigure.web.servlet.MockMvcSecurityConfiguration, org.springframework.boot.test.autoconfigure.web.reactive.WebTestClientAutoConfiguration]], org.springframework.boot.test.context.filter.ExcludeFilterContextCustomizer@5d6cecc9, org.springframework.boot.test.json.DuplicateJsonObjectContextCustomizerFactory$DuplicateJsonObjectContextCustomizer@1c306aaa, org.springframework.boot.test.mock.mockito.MockitoContextCustomizer@0, org.springframework.boot.test.context.SpringBootTestArgs@1, org.springframework.boot.test.context.SpringBootTestWebEnvironment@0], resourceBasePath = 'src/main/webapp', contextLoader = 'org.springframework.boot.test.context.SpringBootContextLoader', parent = [null]], attributes = map[[empty]]], class annotated with @DirtiesContext [false] with mode [null].
02:57:45.916 [Test worker] DEBUG org.springframework.test.context.support.DependencyInjectionTestExecutionListener - Performing dependency injection for test context [[DefaultTestContext@402ffe92 testClass = HelloControllerTest, testInstance = com.haneul.book.springboot.web.controller.HelloControllerTest@aa677ef, testMethod = [null], testException = [null], mergedContextConfiguration = [WebMergedContextConfiguration@5bdf374a testClass = HelloControllerTest, locations = '{}', classes = '{class com.haneul.book.springboot.Application}', contextInitializerClasses = '[]', activeProfiles = '{}', propertySourceLocations = '{}', propertySourceProperties = '{org.springframework.boot.test.autoconfigure.web.servlet.WebMvcTestContextBootstrapper=true}', contextCustomizers = set[org.springframework.boot.test.autoconfigure.OverrideAutoConfigurationContextCustomizerFactory$DisableAutoConfigurationContextCustomizer@7fbd2ca4, org.springframework.boot.test.autoconfigure.actuate.metrics.MetricsExportContextCustomizerFactory$DisableMetricExportContextCustomizer@58fdf63f, org.springframework.boot.test.autoconfigure.filter.TypeExcludeFiltersContextCustomizer@61443884, org.springframework.boot.test.autoconfigure.properties.PropertyMappingContextCustomizer@d9c4522, org.springframework.boot.test.autoconfigure.web.servlet.WebDriverContextCustomizerFactory$Customizer@10ebe0f9, [ImportsContextCustomizer@6c3e086c key = [org.springframework.boot.autoconfigure.cache.CacheAutoConfiguration, org.springframework.boot.autoconfigure.context.MessageSourceAutoConfiguration, org.springframework.boot.autoconfigure.data.web.SpringDataWebAutoConfiguration, org.springframework.boot.autoconfigure.freemarker.FreeMarkerAutoConfiguration, org.springframework.boot.autoconfigure.groovy.template.GroovyTemplateAutoConfiguration, org.springframework.boot.autoconfigure.gson.GsonAutoConfiguration, org.springframework.boot.autoconfigure.hateoas.HypermediaAutoConfiguration, org.springframework.boot.autoconfigure.http.HttpMessageConvertersAutoConfiguration, org.springframework.boot.autoconfigure.jackson.JacksonAutoConfiguration, org.springframework.boot.autoconfigure.jsonb.JsonbAutoConfiguration, org.springframework.boot.autoconfigure.mustache.MustacheAutoConfiguration, org.springframework.boot.autoconfigure.task.TaskExecutionAutoConfiguration, org.springframework.boot.autoconfigure.thymeleaf.ThymeleafAutoConfiguration, org.springframework.boot.autoconfigure.validation.ValidationAutoConfiguration, org.springframework.boot.autoconfigure.web.servlet.error.ErrorMvcAutoConfiguration, org.springframework.boot.autoconfigure.web.servlet.HttpEncodingAutoConfiguration, org.springframework.boot.autoconfigure.web.servlet.WebMvcAutoConfiguration, org.springframework.boot.test.autoconfigure.web.servlet.MockMvcAutoConfiguration, org.springframework.boot.test.autoconfigure.web.servlet.MockMvcWebClientAutoConfiguration, org.springframework.boot.test.autoconfigure.web.servlet.MockMvcWebDriverAutoConfiguration, org.springframework.boot.autoconfigure.security.oauth2.client.servlet.OAuth2ClientAutoConfiguration, org.springframework.boot.autoconfigure.security.oauth2.resource.servlet.OAuth2ResourceServerAutoConfiguration, org.springframework.boot.autoconfigure.security.servlet.SecurityAutoConfiguration, org.springframework.boot.autoconfigure.security.servlet.SecurityFilterAutoConfiguration, org.springframework.boot.autoconfigure.security.servlet.UserDetailsServiceAutoConfiguration, org.springframework.boot.test.autoconfigure.web.servlet.MockMvcSecurityConfiguration, org.springframework.boot.test.autoconfigure.web.reactive.WebTestClientAutoConfiguration]], org.springframework.boot.test.context.filter.ExcludeFilterContextCustomizer@5d6cecc9, org.springframework.boot.test.json.DuplicateJsonObjectContextCustomizerFactory$DuplicateJsonObjectContextCustomizer@1c306aaa, org.springframework.boot.test.mock.mockito.MockitoContextCustomizer@0, org.springframework.boot.test.context.SpringBootTestArgs@1, org.springframework.boot.test.context.SpringBootTestWebEnvironment@0], resourceBasePath = 'src/main/webapp', contextLoader = 'org.springframework.boot.test.context.SpringBootContextLoader', parent = [null]], attributes = map['org.springframework.test.context.event.ApplicationEventsTestExecutionListener.recordApplicationEvents' -> false]]].

  .   ____          _            __ _ _
 /\\ / ___'_ __ _ _(_)_ __  __ _ \ \ \ \
( ( )\___ | '_ | '_| | '_ \/ _` | \ \ \ \
 \\/  ___)| |_)| | | | | || (_| |  ) ) ) )
  '  |____| .__|_| |_|_| |_\__, | / / / /
 =========|_|==============|___/=/_/_/_/
 :: Spring Boot ::                (v2.6.7)

2022-05-28 02:57:46.288  INFO 27218 --- [    Test worker] c.h.b.s.w.c.HelloControllerTest          : Starting HelloControllerTest using Java 11.0.10 on Haneului-MacBookAir.local with PID 27218 (started by haneulkim in /Users/haneulkim/Downloads/freelect-springboot2-webservice)
2022-05-28 02:57:46.288  INFO 27218 --- [    Test worker] c.h.b.s.w.c.HelloControllerTest          : The following 1 profile is active: "oauth"
2022-05-28 02:57:46.827  INFO 27218 --- [    Test worker] o.s.b.a.w.s.WelcomePageHandlerMapping    : Adding welcome page template: index
2022-05-28 02:57:47.004  INFO 27218 --- [    Test worker] o.s.s.web.DefaultSecurityFilterChain     : Will secure any request with [org.springframework.security.web.context.request.async.WebAsyncManagerIntegrationFilter@4d671ad, org.springframework.security.web.context.SecurityContextPersistenceFilter@7a10e1af, org.springframework.security.web.header.HeaderWriterFilter@1774465b, org.springframework.security.web.csrf.CsrfFilter@6150316a, org.springframework.security.web.authentication.logout.LogoutFilter@29803189, org.springframework.security.oauth2.client.web.OAuth2AuthorizationRequestRedirectFilter@66d5581b, org.springframework.security.oauth2.client.web.OAuth2AuthorizationRequestRedirectFilter@472c1bf7, org.springframework.security.oauth2.client.web.OAuth2LoginAuthenticationFilter@2e038621, org.springframework.security.web.authentication.ui.DefaultLoginPageGeneratingFilter@14890778, org.springframework.security.web.authentication.ui.DefaultLogoutPageGeneratingFilter@65c3609, org.springframework.security.web.savedrequest.RequestCacheAwareFilter@5d6d5b18, org.springframework.security.web.servletapi.SecurityContextHolderAwareRequestFilter@200dd483, org.springframework.security.web.authentication.AnonymousAuthenticationFilter@242fb9f1, org.springframework.security.oauth2.client.web.OAuth2AuthorizationCodeGrantFilter@14b67055, org.springframework.security.web.session.SessionManagementFilter@4c88468f, org.springframework.security.web.access.ExceptionTranslationFilter@2e01907c, org.springframework.security.web.access.intercept.FilterSecurityInterceptor@59357737]
2022-05-28 02:57:47.057  INFO 27218 --- [    Test worker] o.s.b.t.m.w.SpringBootMockServletContext : Initializing Spring TestDispatcherServlet ''
2022-05-28 02:57:47.057  INFO 27218 --- [    Test worker] o.s.t.web.servlet.TestDispatcherServlet  : Initializing Servlet ''
2022-05-28 02:57:47.058  INFO 27218 --- [    Test worker] o.s.t.web.servlet.TestDispatcherServlet  : Completed initialization in 1 ms
2022-05-28 02:57:47.071  INFO 27218 --- [    Test worker] c.h.b.s.w.c.HelloControllerTest          : Started HelloControllerTest in 1.139 seconds (JVM running for 1.681)
]]></system-out>
  <system-err><![CDATA[]]></system-err>
</testsuite>
