<?xml version="1.0" encoding="UTF-8"?>
<testsuite name="com.haneul.book.springboot.web.domain.posts.PostsRepositoryTest" tests="2" skipped="0" failures="0" errors="0" timestamp="2022-05-28T05:57:02" hostname="Haneului-MacBookAir.local" time="0.019">
  <properties/>
  <testcase name="게시글저장_불러오기()" classname="com.haneul.book.springboot.web.domain.posts.PostsRepositoryTest" time="0.009"/>
  <testcase name="BaseTimeEntity_등록()" classname="com.haneul.book.springboot.web.domain.posts.PostsRepositoryTest" time="0.01"/>
  <system-out><![CDATA[2022-05-28 14:57:02.251  INFO 35676 --- [    Test worker] .b.t.c.SpringBootTestContextBootstrapper : Neither @ContextConfiguration nor @ContextHierarchy found for test class [com.haneul.book.springboot.web.domain.posts.PostsRepositoryTest], using SpringBootContextLoader
2022-05-28 14:57:02.251  INFO 35676 --- [    Test worker] o.s.t.c.support.AbstractContextLoader    : Could not detect default resource locations for test class [com.haneul.book.springboot.web.domain.posts.PostsRepositoryTest]: no resource found for suffixes {-context.xml, Context.groovy}.
2022-05-28 14:57:02.251  INFO 35676 --- [    Test worker] t.c.s.AnnotationConfigContextLoaderUtils : Could not detect default configuration classes for test class [com.haneul.book.springboot.web.domain.posts.PostsRepositoryTest]: PostsRepositoryTest does not declare any static, non-private, non-final, nested classes annotated with @Configuration.
2022-05-28 14:57:02.255  INFO 35676 --- [    Test worker] .b.t.c.SpringBootTestContextBootstrapper : Found @SpringBootConfiguration com.haneul.book.springboot.Application for test class com.haneul.book.springboot.web.domain.posts.PostsRepositoryTest
2022-05-28 14:57:02.256  INFO 35676 --- [    Test worker] .b.t.c.SpringBootTestContextBootstrapper : Loaded default TestExecutionListener class names from location [META-INF/spring.factories]: [org.springframework.security.test.context.support.WithSecurityContextTestExecutionListener, org.springframework.security.test.context.support.ReactorContextTestExecutionListener, org.springframework.boot.test.autoconfigure.restdocs.RestDocsTestExecutionListener, org.springframework.boot.test.autoconfigure.web.client.MockRestServiceServerResetTestExecutionListener, org.springframework.boot.test.autoconfigure.web.servlet.MockMvcPrintOnlyOnFailureTestExecutionListener, org.springframework.boot.test.autoconfigure.web.servlet.WebDriverTestExecutionListener, org.springframework.boot.test.autoconfigure.webservices.client.MockWebServiceServerTestExecutionListener, org.springframework.boot.test.mock.mockito.MockitoTestExecutionListener, org.springframework.boot.test.mock.mockito.ResetMocksTestExecutionListener, org.springframework.test.context.web.ServletTestExecutionListener, org.springframework.test.context.support.DirtiesContextBeforeModesTestExecutionListener, org.springframework.test.context.event.ApplicationEventsTestExecutionListener, org.springframework.test.context.support.DependencyInjectionTestExecutionListener, org.springframework.test.context.support.DirtiesContextTestExecutionListener, org.springframework.test.context.transaction.TransactionalTestExecutionListener, org.springframework.test.context.jdbc.SqlScriptsTestExecutionListener, org.springframework.test.context.event.EventPublishingTestExecutionListener]
2022-05-28 14:57:02.256  INFO 35676 --- [    Test worker] .b.t.c.SpringBootTestContextBootstrapper : Using TestExecutionListeners: [org.springframework.test.context.web.ServletTestExecutionListener@47c17e46, org.springframework.test.context.support.DirtiesContextBeforeModesTestExecutionListener@425edcea, org.springframework.test.context.event.ApplicationEventsTestExecutionListener@5bb14c8e, org.springframework.boot.test.mock.mockito.MockitoTestExecutionListener@4457b92a, org.springframework.boot.test.autoconfigure.SpringBootDependencyInjectionTestExecutionListener@8a8dca8, org.springframework.test.context.support.DirtiesContextTestExecutionListener@3c25e8db, org.springframework.test.context.transaction.TransactionalTestExecutionListener@6da106ed, org.springframework.test.context.jdbc.SqlScriptsTestExecutionListener@14467c9a, org.springframework.security.test.context.support.WithSecurityContextTestExecutionListener@5a45af26, org.springframework.test.context.event.EventPublishingTestExecutionListener@4935f785, org.springframework.security.test.context.support.ReactorContextTestExecutionListener@2cc60620, org.springframework.boot.test.autoconfigure.restdocs.RestDocsTestExecutionListener@b430d8e, org.springframework.boot.test.autoconfigure.web.client.MockRestServiceServerResetTestExecutionListener@7c08af5f, org.springframework.boot.test.autoconfigure.web.servlet.MockMvcPrintOnlyOnFailureTestExecutionListener@1a67f684, org.springframework.boot.test.autoconfigure.web.servlet.WebDriverTestExecutionListener@68c14ee, org.springframework.boot.test.autoconfigure.webservices.client.MockWebServiceServerTestExecutionListener@15b056cc, org.springframework.boot.test.mock.mockito.ResetMocksTestExecutionListener@2cfb6172]

  .   ____          _            __ _ _
 /\\ / ___'_ __ _ _(_)_ __  __ _ \ \ \ \
( ( )\___ | '_ | '_| | '_ \/ _` | \ \ \ \
 \\/  ___)| |_)| | | | | || (_| |  ) ) ) )
  '  |____| .__|_| |_|_| |_\__, | / / / /
 =========|_|==============|___/=/_/_/_/
 :: Spring Boot ::                (v2.6.7)

2022-05-28 14:57:02.267  INFO 35676 --- [    Test worker] c.h.b.s.w.d.posts.PostsRepositoryTest    : Starting PostsRepositoryTest using Java 11.0.10 on Haneului-MacBookAir.local with PID 35676 (started by haneulkim in /Users/haneulkim/Downloads/freelect-springboot2-webservice)
2022-05-28 14:57:02.267  INFO 35676 --- [    Test worker] c.h.b.s.w.d.posts.PostsRepositoryTest    : The following 1 profile is active: "oauth"
2022-05-28 14:57:02.348  INFO 35676 --- [    Test worker] .s.d.r.c.RepositoryConfigurationDelegate : Bootstrapping Spring Data JPA repositories in DEFAULT mode.
2022-05-28 14:57:02.356  INFO 35676 --- [    Test worker] .s.d.r.c.RepositoryConfigurationDelegate : Finished Spring Data repository scanning in 7 ms. Found 2 JPA repository interfaces.
2022-05-28 14:57:02.408  INFO 35676 --- [    Test worker] com.zaxxer.hikari.HikariDataSource       : HikariPool-2 - Starting...
2022-05-28 14:57:02.409  INFO 35676 --- [    Test worker] com.zaxxer.hikari.HikariDataSource       : HikariPool-2 - Start completed.
2022-05-28 14:57:02.424  INFO 35676 --- [    Test worker] o.hibernate.jpa.internal.util.LogHelper  : HHH000204: Processing PersistenceUnitInfo [name: default]
2022-05-28 14:57:02.427  INFO 35676 --- [    Test worker] org.hibernate.dialect.Dialect            : HHH000400: Using dialect: org.hibernate.dialect.MySQL5InnoDBDialect
Hibernate: 
    
    drop table if exists posts
Hibernate: 
    
    drop table if exists user
Hibernate: 
    
    create table posts (
       id bigint not null auto_increment,
        created_date datetime,
        modified_date datetime,
        author varchar(255),
        content TEXT not null,
        title varchar(500) not null,
        primary key (id)
    ) engine=InnoDB
Hibernate: 
    
    create table user (
       id bigint not null auto_increment,
        created_date datetime,
        modified_date datetime,
        email varchar(255) not null,
        name varchar(255) not null,
        picture varchar(255),
        role varchar(255) not null,
        primary key (id)
    ) engine=InnoDB
2022-05-28 14:57:02.448  INFO 35676 --- [    Test worker] o.h.e.t.j.p.i.JtaPlatformInitiator       : HHH000490: Using JtaPlatform implementation: [org.hibernate.engine.transaction.jta.platform.internal.NoJtaPlatform]
2022-05-28 14:57:02.448  INFO 35676 --- [    Test worker] j.LocalContainerEntityManagerFactoryBean : Initialized JPA EntityManagerFactory for persistence unit 'default'
2022-05-28 14:57:02.495  WARN 35676 --- [    Test worker] JpaBaseConfiguration$JpaWebConfiguration : spring.jpa.open-in-view is enabled by default. Therefore, database queries may be performed during view rendering. Explicitly configure spring.jpa.open-in-view to disable this warning
2022-05-28 14:57:02.556  INFO 35676 --- [    Test worker] o.s.s.web.DefaultSecurityFilterChain     : Will secure any request with [org.springframework.security.web.context.request.async.WebAsyncManagerIntegrationFilter@1c1179a, org.springframework.security.web.context.SecurityContextPersistenceFilter@2be3eeee, org.springframework.security.web.header.HeaderWriterFilter@69b88e5f, org.springframework.security.web.authentication.logout.LogoutFilter@36e11838, org.springframework.security.oauth2.client.web.OAuth2AuthorizationRequestRedirectFilter@36862b39, org.springframework.security.oauth2.client.web.OAuth2LoginAuthenticationFilter@21a23394, org.springframework.security.web.authentication.ui.DefaultLoginPageGeneratingFilter@5c327998, org.springframework.security.web.authentication.ui.DefaultLogoutPageGeneratingFilter@4beeb027, org.springframework.security.web.savedrequest.RequestCacheAwareFilter@35ad7004, org.springframework.security.web.servletapi.SecurityContextHolderAwareRequestFilter@18cada98, org.springframework.security.web.authentication.AnonymousAuthenticationFilter@4c368580, org.springframework.security.web.session.SessionManagementFilter@251c3405, org.springframework.security.web.access.ExceptionTranslationFilter@4bcab34d, org.springframework.security.web.access.intercept.FilterSecurityInterceptor@75b7fa47]
2022-05-28 14:57:02.616  INFO 35676 --- [    Test worker] o.s.b.a.h2.H2ConsoleAutoConfiguration    : H2 console available at '/h2-console'. Database available at 'jdbc:h2:mem://localhost/~/testdb'
2022-05-28 14:57:02.624  INFO 35676 --- [    Test worker] o.s.b.a.w.s.WelcomePageHandlerMapping    : Adding welcome page template: index
2022-05-28 14:57:02.699  INFO 35676 --- [    Test worker] s.a.ScheduledAnnotationBeanPostProcessor : No TaskScheduler/ScheduledExecutorService bean found for scheduled processing
2022-05-28 14:57:02.700  INFO 35676 --- [    Test worker] c.h.b.s.w.d.posts.PostsRepositoryTest    : Started PostsRepositoryTest in 0.443 seconds (JVM running for 4.814)
Hibernate: 
    insert 
    into
        posts
        (created_date, modified_date, author, content, title) 
    values
        (?, ?, ?, ?, ?)
Hibernate: 
    select
        posts0_.id as id1_0_,
        posts0_.created_date as created_2_0_,
        posts0_.modified_date as modified3_0_,
        posts0_.author as author4_0_,
        posts0_.content as content5_0_,
        posts0_.title as title6_0_ 
    from
        posts posts0_
Hibernate: 
    select
        posts0_.id as id1_0_,
        posts0_.created_date as created_2_0_,
        posts0_.modified_date as modified3_0_,
        posts0_.author as author4_0_,
        posts0_.content as content5_0_,
        posts0_.title as title6_0_ 
    from
        posts posts0_
Hibernate: 
    delete 
    from
        posts 
    where
        id=?
Hibernate: 
    insert 
    into
        posts
        (created_date, modified_date, author, content, title) 
    values
        (?, ?, ?, ?, ?)
Hibernate: 
    select
        posts0_.id as id1_0_,
        posts0_.created_date as created_2_0_,
        posts0_.modified_date as modified3_0_,
        posts0_.author as author4_0_,
        posts0_.content as content5_0_,
        posts0_.title as title6_0_ 
    from
        posts posts0_
>>>>>>> createdDate=2022-05-28T14:57:02.712046, modifiedDate=2022-05-28T14:57:02.712046
Hibernate: 
    select
        posts0_.id as id1_0_,
        posts0_.created_date as created_2_0_,
        posts0_.modified_date as modified3_0_,
        posts0_.author as author4_0_,
        posts0_.content as content5_0_,
        posts0_.title as title6_0_ 
    from
        posts posts0_
Hibernate: 
    delete 
    from
        posts 
    where
        id=?
]]></system-out>
  <system-err><![CDATA[]]></system-err>
</testsuite>
